0 info it worked if it ends with ok
1 verbose cli [ '/usr/local/bin/node',
1 verbose cli   '/usr/local/bin/npm',
1 verbose cli   'install',
1 verbose cli   '&&',
1 verbose cli   'grunt',
1 verbose cli   'serve' ]
2 info using npm@3.3.6
3 info using node@v5.0.0
4 silly loadCurrentTree Starting
5 silly install loadCurrentTree
6 silly install readLocalPackageData
7 silly fetchPackageMetaData &&
8 silly fetchPackageMetaData grunt
9 silly fetchPackageMetaData serve
10 silly fetchOtherPackageData &&
11 silly cache add args [ '&&', null ]
12 verbose cache add spec &&
13 silly fetchNamedPackageData grunt
14 silly mapToRegistry name grunt
15 silly mapToRegistry using default registry
16 silly mapToRegistry registry https://registry.npmjs.org/
17 silly mapToRegistry uri https://registry.npmjs.org/grunt
18 silly fetchNamedPackageData serve
19 silly mapToRegistry name serve
20 silly mapToRegistry using default registry
21 silly mapToRegistry registry https://registry.npmjs.org/
22 silly mapToRegistry uri https://registry.npmjs.org/serve
23 silly cache add parsed spec Result {
23 silly cache add   raw: '&&',
23 silly cache add   scope: null,
23 silly cache add   name: null,
23 silly cache add   rawSpec: '&&',
23 silly cache add   spec: '/data/&&',
23 silly cache add   type: 'local' }
24 verbose request uri https://registry.npmjs.org/grunt
25 verbose request no auth needed
26 info attempt registry request try #1 at 2:51:59 PM
27 verbose request id 3fc9b2cff5c33bfe
28 http request GET https://registry.npmjs.org/grunt
29 verbose request uri https://registry.npmjs.org/serve
30 verbose request no auth needed
31 info attempt registry request try #1 at 2:51:59 PM
32 http request GET https://registry.npmjs.org/serve
33 error addLocal Could not install /data/&&
34 silly fetchPackageMetaData Error: ENOENT: no such file or directory, open '/data/&&'
34 silly fetchPackageMetaData     at Error (native)
34 silly fetchPackageMetaData  error for && { [Error: ENOENT: no such file or directory, open '/data/&&'] errno: -2, code: 'ENOENT', syscall: 'open', path: '/data/&&' }
35 http 200 https://registry.npmjs.org/serve
36 verbose headers { server: 'CouchDB/1.5.0 (Erlang OTP/R16B03)',
36 verbose headers   etag: '"C5MUL4TB9FL647R6RBMXQJ13Q"',
36 verbose headers   'content-type': 'application/json',
36 verbose headers   'cache-control': 'max-age=60',
36 verbose headers   'content-length': '14680',
36 verbose headers   'accept-ranges': 'bytes',
36 verbose headers   date: 'Mon, 16 Nov 2015 14:51:59 GMT',
36 verbose headers   via: '1.1 varnish',
36 verbose headers   age: '0',
36 verbose headers   connection: 'keep-alive',
36 verbose headers   'x-served-by': 'cache-lcy1123-LCY',
36 verbose headers   'x-cache': 'HIT',
36 verbose headers   'x-cache-hits': '1',
36 verbose headers   'x-timer': 'S1447685519.720786,VS0,VE167',
36 verbose headers   vary: 'Accept' }
37 silly get cb [ 200,
37 silly get   { server: 'CouchDB/1.5.0 (Erlang OTP/R16B03)',
37 silly get     etag: '"C5MUL4TB9FL647R6RBMXQJ13Q"',
37 silly get     'content-type': 'application/json',
37 silly get     'cache-control': 'max-age=60',
37 silly get     'content-length': '14680',
37 silly get     'accept-ranges': 'bytes',
37 silly get     date: 'Mon, 16 Nov 2015 14:51:59 GMT',
37 silly get     via: '1.1 varnish',
37 silly get     age: '0',
37 silly get     connection: 'keep-alive',
37 silly get     'x-served-by': 'cache-lcy1123-LCY',
37 silly get     'x-cache': 'HIT',
37 silly get     'x-cache-hits': '1',
37 silly get     'x-timer': 'S1447685519.720786,VS0,VE167',
37 silly get     vary: 'Accept' } ]
38 verbose get saving serve to /root/.npm/registry.npmjs.org/serve/.cache.json
39 http 200 https://registry.npmjs.org/grunt
40 verbose headers { server: 'CouchDB/1.5.0 (Erlang OTP/R16B03)',
40 verbose headers   etag: '"7B8B3ZBOSVYQ53FMVS7OUH1UE"',
40 verbose headers   'content-type': 'application/json',
40 verbose headers   'cache-control': 'max-age=60',
40 verbose headers   'content-length': '90663',
40 verbose headers   'accept-ranges': 'bytes',
40 verbose headers   date: 'Mon, 16 Nov 2015 14:52:10 GMT',
40 verbose headers   via: '1.1 varnish',
40 verbose headers   age: '26',
40 verbose headers   connection: 'keep-alive',
40 verbose headers   'x-served-by': 'cache-lcy1123-LCY',
40 verbose headers   'x-cache': 'HIT',
40 verbose headers   'x-cache-hits': '3',
40 verbose headers   'x-timer': 'S1447685530.556652,VS0,VE0',
40 verbose headers   vary: 'Accept' }
41 silly get cb [ 200,
41 silly get   { server: 'CouchDB/1.5.0 (Erlang OTP/R16B03)',
41 silly get     etag: '"7B8B3ZBOSVYQ53FMVS7OUH1UE"',
41 silly get     'content-type': 'application/json',
41 silly get     'cache-control': 'max-age=60',
41 silly get     'content-length': '90663',
41 silly get     'accept-ranges': 'bytes',
41 silly get     date: 'Mon, 16 Nov 2015 14:52:10 GMT',
41 silly get     via: '1.1 varnish',
41 silly get     age: '26',
41 silly get     connection: 'keep-alive',
41 silly get     'x-served-by': 'cache-lcy1123-LCY',
41 silly get     'x-cache': 'HIT',
41 silly get     'x-cache-hits': '3',
41 silly get     'x-timer': 'S1447685530.556652,VS0,VE0',
41 silly get     vary: 'Accept' } ]
42 verbose get saving grunt to /root/.npm/registry.npmjs.org/grunt/.cache.json
43 silly rollbackFailedOptional Starting
44 silly rollbackFailedOptional Finishing
45 silly runTopLevelLifecycles Starting
46 silly runTopLevelLifecycles Finishing
47 silly install printInstalled
48 verbose stack Error: ENOENT: no such file or directory, open '/data/&&'
48 verbose stack     at Error (native)
49 verbose cwd /data
50 error Linux 3.16.0-44-generic
51 error argv "/usr/local/bin/node" "/usr/local/bin/npm" "install" "&&" "grunt" "serve"
52 error node v5.0.0
53 error npm  v3.3.6
54 error path /data/&&
55 error code ENOENT
56 error errno -2
57 error syscall open
58 error enoent ENOENT: no such file or directory, open '/data/&&'
58 error enoent This is most likely not a problem with npm itself
58 error enoent and is related to npm not being able to find a file.
59 verbose exit [ -2, true ]
